c:\users\glory\source\repos\calculator\x64\debug\vc143.pdb
c:\users\glory\source\repos\calculator\x64\debug\vc143.idb
c:\users\glory\source\repos\calculator\x64\debug\listbasestack.obj
c:\users\glory\source\repos\calculator\x64\debug\infixtopostfixmain.obj
c:\users\glory\source\repos\calculator\x64\debug\infixtopostfix.obj
c:\users\glory\source\repos\calculator\x64\debug\postcalculator.obj
c:\users\glory\source\repos\calculator\x64\debug\infixcalculatormain.obj
c:\users\glory\source\repos\calculator\x64\debug\infixcalculator.obj
c:\users\glory\source\repos\calculator\x64\debug\calculator.ilk
c:\users\glory\source\repos\calculator\x64\debug\calculator.exe
c:\users\glory\source\repos\calculator\x64\debug\calculator.pdb
c:\users\glory\source\repos\calculator\x64\debug\calculator.tlog\cl.command.1.tlog
c:\users\glory\source\repos\calculator\x64\debug\calculator.tlog\cl.read.1.tlog
c:\users\glory\source\repos\calculator\x64\debug\calculator.tlog\cl.write.1.tlog
c:\users\glory\source\repos\calculator\x64\debug\calculator.tlog\link-cvtres.read.1.tlog
c:\users\glory\source\repos\calculator\x64\debug\calculator.tlog\link-cvtres.write.1.tlog
c:\users\glory\source\repos\calculator\x64\debug\calculator.tlog\link-rc.read.1.tlog
c:\users\glory\source\repos\calculator\x64\debug\calculator.tlog\link-rc.write.1.tlog
c:\users\glory\source\repos\calculator\x64\debug\calculator.tlog\link.11212-cvtres.read.1.tlog
c:\users\glory\source\repos\calculator\x64\debug\calculator.tlog\link.11212-cvtres.write.1.tlog
c:\users\glory\source\repos\calculator\x64\debug\calculator.tlog\link.11212-rc.read.1.tlog
c:\users\glory\source\repos\calculator\x64\debug\calculator.tlog\link.11212-rc.write.1.tlog
c:\users\glory\source\repos\calculator\x64\debug\calculator.tlog\link.11212.read.1.tlog
c:\users\glory\source\repos\calculator\x64\debug\calculator.tlog\link.11212.read.2.tlog
c:\users\glory\source\repos\calculator\x64\debug\calculator.tlog\link.11212.write.1.tlog
c:\users\glory\source\repos\calculator\x64\debug\calculator.tlog\link.command.1.tlog
c:\users\glory\source\repos\calculator\x64\debug\calculator.tlog\link.read.1.tlog
c:\users\glory\source\repos\calculator\x64\debug\calculator.tlog\link.read.2.tlog
c:\users\glory\source\repos\calculator\x64\debug\calculator.tlog\link.write.1.tlog
